<?xml version="1.0" encoding="UTF-8"?>
<!-- Generated by org.testng.reporters.JUnitReportReporter -->
<testsuite hostname="DESKTOP-7FHF3QK" name="com.crm.qa.testcases.LoginPageTest" tests="2" failures="0" timestamp="30 Nov 2019 17:06:10 GMT" time="20.522" errors="0">
  <testcase name="loginTest" time="11.140" classname="com.crm.qa.testcases.LoginPageTest"/>
  <testcase name="loginPageTitleTest" time="9.382" classname="com.crm.qa.testcases.LoginPageTest"/>
</testsuite> <!-- com.crm.qa.testcases.LoginPageTest -->
