<?xml version="1.0" encoding="UTF-8"?>
<!-- Generated by org.testng.reporters.JUnitReportReporter -->
<testsuite hostname="DESKTOP-7FHF3QK" name="com.crm.qa.testcases.HomePageTest" tests="3" failures="0" timestamp="30 Nov 2019 17:06:10 GMT" time="32.688" errors="0">
  <testcase name="verifyContactsLinkTest" time="11.624" classname="com.crm.qa.testcases.HomePageTest"/>
  <testcase name="verifyHomePageTileTest" time="9.840" classname="com.crm.qa.testcases.HomePageTest"/>
  <testcase name="verifyUserNameTest" time="11.224" classname="com.crm.qa.testcases.HomePageTest"/>
</testsuite> <!-- com.crm.qa.testcases.HomePageTest -->
